<?xml version="1.0" encoding="UTF-8"?>
<testsuite xmlns:xsi="http://www.w3.org/2001/XMLSchema-instance" xsi:noNamespaceSchemaLocation="https://maven.apache.org/surefire/maven-surefire-plugin/xsd/surefire-test-report.xsd" name="com.itheima.test.MainTest" time="0.004" tests="0" errors="0" skipped="0" failures="0">
  <properties>
    <property name="sun.desktop" value="windows"/>
    <property name="awt.toolkit" value="sun.awt.windows.WToolkit"/>
    <property name="file.encoding.pkg" value="sun.io"/>
    <property name="java.specification.version" value="1.8"/>
    <property name="sun.cpu.isalist" value="amd64"/>
    <property name="sun.jnu.encoding" value="GBK"/>
    <property name="java.class.path" value="D:\code\designpattern\project\designpattern-demo\target\test-classes;D:\code\designpattern\project\designpattern-demo\target\classes;D:\respository_new\org\springframework\boot\spring-boot-starter-web\2.3.9.RELEASE\spring-boot-starter-web-2.3.9.RELEASE.jar;D:\respository_new\org\springframework\boot\spring-boot-starter\2.3.9.RELEASE\spring-boot-starter-2.3.9.RELEASE.jar;D:\respository_new\org\springframework\boot\spring-boot\2.3.9.RELEASE\spring-boot-2.3.9.RELEASE.jar;D:\respository_new\org\springframework\boot\spring-boot-autoconfigure\2.3.9.RELEASE\spring-boot-autoconfigure-2.3.9.RELEASE.jar;D:\respository_new\org\springframework\boot\spring-boot-starter-logging\2.3.9.RELEASE\spring-boot-starter-logging-2.3.9.RELEASE.jar;D:\respository_new\ch\qos\logback\logback-classic\1.2.3\logback-classic-1.2.3.jar;D:\respository_new\ch\qos\logback\logback-core\1.2.3\logback-core-1.2.3.jar;D:\respository_new\org\apache\logging\log4j\log4j-to-slf4j\2.13.3\log4j-to-slf4j-2.13.3.jar;D:\respository_new\org\apache\logging\log4j\log4j-api\2.13.3\log4j-api-2.13.3.jar;D:\respository_new\org\slf4j\jul-to-slf4j\1.7.30\jul-to-slf4j-1.7.30.jar;D:\respository_new\jakarta\annotation\jakarta.annotation-api\1.3.5\jakarta.annotation-api-1.3.5.jar;D:\respository_new\org\springframework\spring-core\5.2.13.RELEASE\spring-core-5.2.13.RELEASE.jar;D:\respository_new\org\springframework\spring-jcl\5.2.13.RELEASE\spring-jcl-5.2.13.RELEASE.jar;D:\respository_new\org\springframework\boot\spring-boot-starter-json\2.3.9.RELEASE\spring-boot-starter-json-2.3.9.RELEASE.jar;D:\respository_new\com\fasterxml\jackson\datatype\jackson-datatype-jdk8\2.11.4\jackson-datatype-jdk8-2.11.4.jar;D:\respository_new\com\fasterxml\jackson\datatype\jackson-datatype-jsr310\2.11.4\jackson-datatype-jsr310-2.11.4.jar;D:\respository_new\com\fasterxml\jackson\module\jackson-module-parameter-names\2.11.4\jackson-module-parameter-names-2.11.4.jar;D:\respository_new\org\springframework\boot\spring-boot-starter-tomcat\2.3.9.RELEASE\spring-boot-starter-tomcat-2.3.9.RELEASE.jar;D:\respository_new\org\apache\tomcat\embed\tomcat-embed-core\9.0.43\tomcat-embed-core-9.0.43.jar;D:\respository_new\org\glassfish\jakarta.el\3.0.3\jakarta.el-3.0.3.jar;D:\respository_new\org\apache\tomcat\embed\tomcat-embed-websocket\9.0.43\tomcat-embed-websocket-9.0.43.jar;D:\respository_new\org\springframework\spring-web\5.2.13.RELEASE\spring-web-5.2.13.RELEASE.jar;D:\respository_new\org\springframework\spring-beans\5.2.13.RELEASE\spring-beans-5.2.13.RELEASE.jar;D:\respository_new\org\springframework\spring-webmvc\5.2.13.RELEASE\spring-webmvc-5.2.13.RELEASE.jar;D:\respository_new\org\springframework\spring-aop\5.2.13.RELEASE\spring-aop-5.2.13.RELEASE.jar;D:\respository_new\org\springframework\spring-context\5.2.13.RELEASE\spring-context-5.2.13.RELEASE.jar;D:\respository_new\org\springframework\spring-expression\5.2.13.RELEASE\spring-expression-5.2.13.RELEASE.jar;D:\respository_new\org\projectlombok\lombok\1.18.20\lombok-1.18.20.jar;D:\respository_new\org\springframework\boot\spring-boot-starter-data-redis\2.3.9.RELEASE\spring-boot-starter-data-redis-2.3.9.RELEASE.jar;D:\respository_new\org\springframework\data\spring-data-redis\2.3.7.RELEASE\spring-data-redis-2.3.7.RELEASE.jar;D:\respository_new\org\springframework\data\spring-data-keyvalue\2.3.7.RELEASE\spring-data-keyvalue-2.3.7.RELEASE.jar;D:\respository_new\org\springframework\data\spring-data-commons\2.3.7.RELEASE\spring-data-commons-2.3.7.RELEASE.jar;D:\respository_new\org\springframework\spring-tx\5.2.13.RELEASE\spring-tx-5.2.13.RELEASE.jar;D:\respository_new\org\springframework\spring-oxm\5.2.13.RELEASE\spring-oxm-5.2.13.RELEASE.jar;D:\respository_new\org\springframework\spring-context-support\5.2.13.RELEASE\spring-context-support-5.2.13.RELEASE.jar;D:\respository_new\io\lettuce\lettuce-core\5.3.6.RELEASE\lettuce-core-5.3.6.RELEASE.jar;D:\respository_new\org\redisson\redisson\3.19.3\redisson-3.19.3.jar;D:\respository_new\io\netty\netty-common\4.1.59.Final\netty-common-4.1.59.Final.jar;D:\respository_new\io\netty\netty-codec\4.1.59.Final\netty-codec-4.1.59.Final.jar;D:\respository_new\io\netty\netty-buffer\4.1.59.Final\netty-buffer-4.1.59.Final.jar;D:\respository_new\io\netty\netty-transport\4.1.59.Final\netty-transport-4.1.59.Final.jar;D:\respository_new\io\netty\netty-resolver\4.1.59.Final\netty-resolver-4.1.59.Final.jar;D:\respository_new\io\netty\netty-resolver-dns\4.1.59.Final\netty-resolver-dns-4.1.59.Final.jar;D:\respository_new\io\netty\netty-codec-dns\4.1.59.Final\netty-codec-dns-4.1.59.Final.jar;D:\respository_new\io\netty\netty-handler\4.1.59.Final\netty-handler-4.1.59.Final.jar;D:\respository_new\javax\cache\cache-api\1.1.1\cache-api-1.1.1.jar;D:\respository_new\io\projectreactor\reactor-core\3.3.14.RELEASE\reactor-core-3.3.14.RELEASE.jar;D:\respository_new\org\reactivestreams\reactive-streams\1.0.3\reactive-streams-1.0.3.jar;D:\respository_new\io\reactivex\rxjava3\rxjava\3.1.5\rxjava-3.1.5.jar;D:\respository_new\org\jboss\marshalling\jboss-marshalling\2.0.11.Final\jboss-marshalling-2.0.11.Final.jar;D:\respository_new\org\jboss\marshalling\jboss-marshalling-river\2.0.11.Final\jboss-marshalling-river-2.0.11.Final.jar;D:\respository_new\com\esotericsoftware\kryo\5.4.0\kryo-5.4.0.jar;D:\respository_new\com\esotericsoftware\reflectasm\1.11.9\reflectasm-1.11.9.jar;D:\respository_new\org\objenesis\objenesis\3.3\objenesis-3.3.jar;D:\respository_new\com\esotericsoftware\minlog\1.3.1\minlog-1.3.1.jar;D:\respository_new\org\slf4j\slf4j-api\1.7.30\slf4j-api-1.7.30.jar;D:\respository_new\com\fasterxml\jackson\core\jackson-annotations\2.11.4\jackson-annotations-2.11.4.jar;D:\respository_new\com\fasterxml\jackson\dataformat\jackson-dataformat-yaml\2.11.4\jackson-dataformat-yaml-2.11.4.jar;D:\respository_new\com\fasterxml\jackson\core\jackson-core\2.11.4\jackson-core-2.11.4.jar;D:\respository_new\com\fasterxml\jackson\core\jackson-databind\2.11.4\jackson-databind-2.11.4.jar;D:\respository_new\net\bytebuddy\byte-buddy\1.10.20\byte-buddy-1.10.20.jar;D:\respository_new\org\yaml\snakeyaml\1.26\snakeyaml-1.26.jar;D:\respository_new\org\jodd\jodd-bean\5.1.6\jodd-bean-5.1.6.jar;D:\respository_new\org\jodd\jodd-core\5.1.6\jodd-core-5.1.6.jar;D:\respository_new\net\logstash\logback\logstash-logback-encoder\6.6\logstash-logback-encoder-6.6.jar;"/>
    <property name="java.vm.vendor" value="Oracle Corporation"/>
    <property name="sun.arch.data.model" value="64"/>
    <property name="user.variant" value=""/>
    <property name="java.vendor.url" value="http://java.oracle.com/"/>
    <property name="user.timezone" value="Asia/Shanghai"/>
    <property name="java.vm.specification.version" value="1.8"/>
    <property name="os.name" value="Windows 10"/>
    <property name="user.country" value="CN"/>
    <property name="sun.java.launcher" value="SUN_STANDARD"/>
    <property name="sun.boot.library.path" value="C:\Program Files\Java\jdk1.8.0_321\jre\bin"/>
    <property name="sun.java.command" value="C:\Users\yuhon\AppData\Local\Temp\surefire3096770798230651573\surefirebooter7855343866192355009.jar C:\Users\yuhon\AppData\Local\Temp\surefire3096770798230651573 2023-05-18T22-18-46_850-jvmRun1 surefire1775354247223763563tmp surefire_05767706963706834938tmp"/>
    <property name="surefire.test.class.path" value="D:\code\designpattern\project\designpattern-demo\target\test-classes;D:\code\designpattern\project\designpattern-demo\target\classes;D:\respository_new\org\springframework\boot\spring-boot-starter-web\2.3.9.RELEASE\spring-boot-starter-web-2.3.9.RELEASE.jar;D:\respository_new\org\springframework\boot\spring-boot-starter\2.3.9.RELEASE\spring-boot-starter-2.3.9.RELEASE.jar;D:\respository_new\org\springframework\boot\spring-boot\2.3.9.RELEASE\spring-boot-2.3.9.RELEASE.jar;D:\respository_new\org\springframework\boot\spring-boot-autoconfigure\2.3.9.RELEASE\spring-boot-autoconfigure-2.3.9.RELEASE.jar;D:\respository_new\org\springframework\boot\spring-boot-starter-logging\2.3.9.RELEASE\spring-boot-starter-logging-2.3.9.RELEASE.jar;D:\respository_new\ch\qos\logback\logback-classic\1.2.3\logback-classic-1.2.3.jar;D:\respository_new\ch\qos\logback\logback-core\1.2.3\logback-core-1.2.3.jar;D:\respository_new\org\apache\logging\log4j\log4j-to-slf4j\2.13.3\log4j-to-slf4j-2.13.3.jar;D:\respository_new\org\apache\logging\log4j\log4j-api\2.13.3\log4j-api-2.13.3.jar;D:\respository_new\org\slf4j\jul-to-slf4j\1.7.30\jul-to-slf4j-1.7.30.jar;D:\respository_new\jakarta\annotation\jakarta.annotation-api\1.3.5\jakarta.annotation-api-1.3.5.jar;D:\respository_new\org\springframework\spring-core\5.2.13.RELEASE\spring-core-5.2.13.RELEASE.jar;D:\respository_new\org\springframework\spring-jcl\5.2.13.RELEASE\spring-jcl-5.2.13.RELEASE.jar;D:\respository_new\org\springframework\boot\spring-boot-starter-json\2.3.9.RELEASE\spring-boot-starter-json-2.3.9.RELEASE.jar;D:\respository_new\com\fasterxml\jackson\datatype\jackson-datatype-jdk8\2.11.4\jackson-datatype-jdk8-2.11.4.jar;D:\respository_new\com\fasterxml\jackson\datatype\jackson-datatype-jsr310\2.11.4\jackson-datatype-jsr310-2.11.4.jar;D:\respository_new\com\fasterxml\jackson\module\jackson-module-parameter-names\2.11.4\jackson-module-parameter-names-2.11.4.jar;D:\respository_new\org\springframework\boot\spring-boot-starter-tomcat\2.3.9.RELEASE\spring-boot-starter-tomcat-2.3.9.RELEASE.jar;D:\respository_new\org\apache\tomcat\embed\tomcat-embed-core\9.0.43\tomcat-embed-core-9.0.43.jar;D:\respository_new\org\glassfish\jakarta.el\3.0.3\jakarta.el-3.0.3.jar;D:\respository_new\org\apache\tomcat\embed\tomcat-embed-websocket\9.0.43\tomcat-embed-websocket-9.0.43.jar;D:\respository_new\org\springframework\spring-web\5.2.13.RELEASE\spring-web-5.2.13.RELEASE.jar;D:\respository_new\org\springframework\spring-beans\5.2.13.RELEASE\spring-beans-5.2.13.RELEASE.jar;D:\respository_new\org\springframework\spring-webmvc\5.2.13.RELEASE\spring-webmvc-5.2.13.RELEASE.jar;D:\respository_new\org\springframework\spring-aop\5.2.13.RELEASE\spring-aop-5.2.13.RELEASE.jar;D:\respository_new\org\springframework\spring-context\5.2.13.RELEASE\spring-context-5.2.13.RELEASE.jar;D:\respository_new\org\springframework\spring-expression\5.2.13.RELEASE\spring-expression-5.2.13.RELEASE.jar;D:\respository_new\org\projectlombok\lombok\1.18.20\lombok-1.18.20.jar;D:\respository_new\org\springframework\boot\spring-boot-starter-data-redis\2.3.9.RELEASE\spring-boot-starter-data-redis-2.3.9.RELEASE.jar;D:\respository_new\org\springframework\data\spring-data-redis\2.3.7.RELEASE\spring-data-redis-2.3.7.RELEASE.jar;D:\respository_new\org\springframework\data\spring-data-keyvalue\2.3.7.RELEASE\spring-data-keyvalue-2.3.7.RELEASE.jar;D:\respository_new\org\springframework\data\spring-data-commons\2.3.7.RELEASE\spring-data-commons-2.3.7.RELEASE.jar;D:\respository_new\org\springframework\spring-tx\5.2.13.RELEASE\spring-tx-5.2.13.RELEASE.jar;D:\respository_new\org\springframework\spring-oxm\5.2.13.RELEASE\spring-oxm-5.2.13.RELEASE.jar;D:\respository_new\org\springframework\spring-context-support\5.2.13.RELEASE\spring-context-support-5.2.13.RELEASE.jar;D:\respository_new\io\lettuce\lettuce-core\5.3.6.RELEASE\lettuce-core-5.3.6.RELEASE.jar;D:\respository_new\org\redisson\redisson\3.19.3\redisson-3.19.3.jar;D:\respository_new\io\netty\netty-common\4.1.59.Final\netty-common-4.1.59.Final.jar;D:\respository_new\io\netty\netty-codec\4.1.59.Final\netty-codec-4.1.59.Final.jar;D:\respository_new\io\netty\netty-buffer\4.1.59.Final\netty-buffer-4.1.59.Final.jar;D:\respository_new\io\netty\netty-transport\4.1.59.Final\netty-transport-4.1.59.Final.jar;D:\respository_new\io\netty\netty-resolver\4.1.59.Final\netty-resolver-4.1.59.Final.jar;D:\respository_new\io\netty\netty-resolver-dns\4.1.59.Final\netty-resolver-dns-4.1.59.Final.jar;D:\respository_new\io\netty\netty-codec-dns\4.1.59.Final\netty-codec-dns-4.1.59.Final.jar;D:\respository_new\io\netty\netty-handler\4.1.59.Final\netty-handler-4.1.59.Final.jar;D:\respository_new\javax\cache\cache-api\1.1.1\cache-api-1.1.1.jar;D:\respository_new\io\projectreactor\reactor-core\3.3.14.RELEASE\reactor-core-3.3.14.RELEASE.jar;D:\respository_new\org\reactivestreams\reactive-streams\1.0.3\reactive-streams-1.0.3.jar;D:\respository_new\io\reactivex\rxjava3\rxjava\3.1.5\rxjava-3.1.5.jar;D:\respository_new\org\jboss\marshalling\jboss-marshalling\2.0.11.Final\jboss-marshalling-2.0.11.Final.jar;D:\respository_new\org\jboss\marshalling\jboss-marshalling-river\2.0.11.Final\jboss-marshalling-river-2.0.11.Final.jar;D:\respository_new\com\esotericsoftware\kryo\5.4.0\kryo-5.4.0.jar;D:\respository_new\com\esotericsoftware\reflectasm\1.11.9\reflectasm-1.11.9.jar;D:\respository_new\org\objenesis\objenesis\3.3\objenesis-3.3.jar;D:\respository_new\com\esotericsoftware\minlog\1.3.1\minlog-1.3.1.jar;D:\respository_new\org\slf4j\slf4j-api\1.7.30\slf4j-api-1.7.30.jar;D:\respository_new\com\fasterxml\jackson\core\jackson-annotations\2.11.4\jackson-annotations-2.11.4.jar;D:\respository_new\com\fasterxml\jackson\dataformat\jackson-dataformat-yaml\2.11.4\jackson-dataformat-yaml-2.11.4.jar;D:\respository_new\com\fasterxml\jackson\core\jackson-core\2.11.4\jackson-core-2.11.4.jar;D:\respository_new\com\fasterxml\jackson\core\jackson-databind\2.11.4\jackson-databind-2.11.4.jar;D:\respository_new\net\bytebuddy\byte-buddy\1.10.20\byte-buddy-1.10.20.jar;D:\respository_new\org\yaml\snakeyaml\1.26\snakeyaml-1.26.jar;D:\respository_new\org\jodd\jodd-bean\5.1.6\jodd-bean-5.1.6.jar;D:\respository_new\org\jodd\jodd-core\5.1.6\jodd-core-5.1.6.jar;D:\respository_new\net\logstash\logback\logstash-logback-encoder\6.6\logstash-logback-encoder-6.6.jar;"/>
    <property name="sun.cpu.endian" value="little"/>
    <property name="user.home" value="C:\Users\yuhon"/>
    <property name="user.language" value="zh"/>
    <property name="java.specification.vendor" value="Oracle Corporation"/>
    <property name="java.home" value="C:\Program Files\Java\jdk1.8.0_321\jre"/>
    <property name="basedir" value="D:\code\designpattern\project\designpattern-demo"/>
    <property name="file.separator" value="\"/>
    <property name="line.separator" value="&#10;"/>
    <property name="java.vm.specification.vendor" value="Oracle Corporation"/>
    <property name="java.specification.name" value="Java Platform API Specification"/>
    <property name="java.awt.graphicsenv" value="sun.awt.Win32GraphicsEnvironment"/>
    <property name="surefire.real.class.path" value="C:\Users\yuhon\AppData\Local\Temp\surefire3096770798230651573\surefirebooter7855343866192355009.jar"/>
    <property name="sun.boot.class.path" value="C:\Program Files\Java\jdk1.8.0_321\jre\lib\resources.jar;C:\Program Files\Java\jdk1.8.0_321\jre\lib\rt.jar;C:\Program Files\Java\jdk1.8.0_321\jre\lib\sunrsasign.jar;C:\Program Files\Java\jdk1.8.0_321\jre\lib\jsse.jar;C:\Program Files\Java\jdk1.8.0_321\jre\lib\jce.jar;C:\Program Files\Java\jdk1.8.0_321\jre\lib\charsets.jar;C:\Program Files\Java\jdk1.8.0_321\jre\lib\jfr.jar;C:\Program Files\Java\jdk1.8.0_321\jre\classes"/>
    <property name="user.script" value=""/>
    <property name="sun.management.compiler" value="HotSpot 64-Bit Tiered Compilers"/>
    <property name="java.runtime.version" value="1.8.0_321-b07"/>
    <property name="user.name" value="yuhon"/>
    <property name="path.separator" value=";"/>
    <property name="os.version" value="10.0"/>
    <property name="java.endorsed.dirs" value="C:\Program Files\Java\jdk1.8.0_321\jre\lib\endorsed"/>
    <property name="java.runtime.name" value="Java(TM) SE Runtime Environment"/>
    <property name="file.encoding" value="GBK"/>
    <property name="java.vm.name" value="Java HotSpot(TM) 64-Bit Server VM"/>
    <property name="localRepository" value="D:\respository_new"/>
    <property name="java.vendor.url.bug" value="http://bugreport.sun.com/bugreport/"/>
    <property name="java.io.tmpdir" value="C:\Users\yuhon\AppData\Local\Temp\"/>
    <property name="idea.version" value="2020.3.1"/>
    <property name="java.version" value="1.8.0_321"/>
    <property name="user.dir" value="D:\code\designpattern\project\designpattern-demo"/>
    <property name="os.arch" value="amd64"/>
    <property name="java.vm.specification.name" value="Java Virtual Machine Specification"/>
    <property name="java.awt.printerjob" value="sun.awt.windows.WPrinterJob"/>
    <property name="sun.os.patch.level" value=""/>
    <property name="java.library.path" value="C:\Program Files\Java\jdk1.8.0_321\jre\bin;C:\Windows\Sun\Java\bin;C:\Windows\system32;C:\Windows;C:\Program Files\Common Files\Oracle\Java\javapath;C:\Program Files (x86)\Common Files\Oracle\Java\javapath;D:\Program Files\vm16\bin\;C:\Windows\system32;C:\Windows;C:\Windows\System32\Wbem;C:\Windows\System32\WindowsPowerShell\v1.0\;C:\Windows\System32\OpenSSH\;C:\Program Files\Java\jdk1.8.0_321\bin;C:\Program Files\Git\cmd;C:\Program Files\TortoiseGit\bin;D:\apache-maven-3.6.1\bin;D:\develop\hadoop\bin;C:\Program Files\Tesseract-OCR;%JMETER_HOME%\lib\ext\ApacheJMeter_core.jar;%JMETER_HOME%\lib\jorphan.jar;%JMETER_HOME%\lib\logkit-2.0.jar;C:\Program Files\nodejs\;D:\Program Files\MySQL\MySQL Server 5.7\bin;C:\Users\yuhon\AppData\Local\Microsoft\WindowsApps;D:\Program Files\Microsoft VS Code\bin;C:\Users\yuhon\AppData\Roaming\npm;."/>
    <property name="java.vm.info" value="mixed mode"/>
    <property name="java.vendor" value="Oracle Corporation"/>
    <property name="java.vm.version" value="25.321-b07"/>
    <property name="java.ext.dirs" value="C:\Program Files\Java\jdk1.8.0_321\jre\lib\ext;C:\Windows\Sun\Java\lib\ext"/>
    <property name="sun.io.unicode.encoding" value="UnicodeLittle"/>
    <property name="java.class.version" value="52.0"/>
  </properties>
</testsuite>